{
  "stats": {
    "suites": 12,
    "tests": 41,
    "passes": 21,
    "pending": 0,
    "failures": 20,
    "start": "2022-07-05T00:25:38.894Z",
    "end": "2022-07-05T00:27:22.145Z",
    "duration": 103251,
    "testsRegistered": 41,
    "passPercent": 51.21951219512195,
    "pendingPercent": 0,
    "other": 0,
    "hasOther": false,
    "skipped": 0,
    "hasSkipped": false
  },
  "results": [
    {
      "uuid": "19bbfece-a29e-485c-8af6-4b57210130c8",
      "title": "",
      "fullFile": "cypress/integration/project.spec.js",
      "file": "cypress/integration/project.spec.js",
      "beforeHooks": [],
      "afterHooks": [],
      "tests": [],
      "suites": [
        {
          "uuid": "f4616b71-9431-4de1-8969-6a9494f8450f",
          "title": "1 - Adicione à página o título \"Paleta de Cores\".",
          "fullFile": "",
          "file": "",
          "beforeHooks": [],
          "afterHooks": [],
          "tests": [
            {
              "title": "Verifica se contém um elemento `h1` com o id `title` com o título correto",
              "fullTitle": "1 - Adicione à página o título \"Paleta de Cores\". Verifica se contém um elemento `h1` com o id `title` com o título correto",
              "timedOut": null,
              "duration": 430,
              "state": "passed",
              "speed": "slow",
              "pass": true,
              "fail": false,
              "pending": false,
              "context": null,
              "code": "cy.get('h1#title').should('contain.text', 'Paleta de Cores');",
              "err": {},
              "uuid": "0fc01211-b056-4b61-915c-18fbd30cfd6e",
              "parentUUID": "f4616b71-9431-4de1-8969-6a9494f8450f",
              "isHook": false,
              "skipped": false
            }
          ],
          "suites": [],
          "passes": [
            "0fc01211-b056-4b61-915c-18fbd30cfd6e"
          ],
          "failures": [],
          "pending": [],
          "skipped": [],
          "duration": 430,
          "root": false,
          "rootEmpty": false,
          "_timeout": 2000
        },
        {
          "uuid": "4b8471b2-4a0a-4b28-b1e6-a1da14dc43b3",
          "title": "2 - Adicione à página uma paleta de quatro cores distintas.",
          "fullFile": "",
          "file": "",
          "beforeHooks": [],
          "afterHooks": [],
          "tests": [
            {
              "title": "A paleta de cores deve ser um elemento com `id` denominado `color-palette` e ter mais de 0px de altura e de largura.",
              "fullTitle": "2 - Adicione à página uma paleta de quatro cores distintas. A paleta de cores deve ser um elemento com `id` denominado `color-palette` e ter mais de 0px de altura e de largura.",
              "timedOut": null,
              "duration": 326,
              "state": "passed",
              "speed": "slow",
              "pass": true,
              "fail": false,
              "pending": false,
              "context": null,
              "code": "cy.get('#color-palette').should('be.visible');\ncy.get('#color-palette').children('.color');",
              "err": {},
              "uuid": "94426682-54b8-4710-8e6f-7d679d248139",
              "parentUUID": "4b8471b2-4a0a-4b28-b1e6-a1da14dc43b3",
              "isHook": false,
              "skipped": false
            },
            {
              "title": "Verifica se cada cor individual da paleta de cores possui a `classe` chamada `color`.",
              "fullTitle": "2 - Adicione à página uma paleta de quatro cores distintas. Verifica se cada cor individual da paleta de cores possui a `classe` chamada `color`.",
              "timedOut": null,
              "duration": 254,
              "state": "passed",
              "speed": "slow",
              "pass": true,
              "fail": false,
              "pending": false,
              "context": null,
              "code": "cy.get('.color').should('have.length', 4).then(function (colors) {\n  for (var i = 0; i < colors.length; i++) {\n    cy.wrap(colors[i]).should('be.visible');\n  }\n});",
              "err": {},
              "uuid": "a4807d55-2103-4837-923d-a397b4cd63b4",
              "parentUUID": "4b8471b2-4a0a-4b28-b1e6-a1da14dc43b3",
              "isHook": false,
              "skipped": false
            },
            {
              "title": "Verifica se a cor de fundo de cada elemento da paleta é a cor que o elemento representa. **A única cor não permitida na paleta é a cor branca.**",
              "fullTitle": "2 - Adicione à página uma paleta de quatro cores distintas. Verifica se a cor de fundo de cada elemento da paleta é a cor que o elemento representa. **A única cor não permitida na paleta é a cor branca.**",
              "timedOut": null,
              "duration": 366,
              "state": "passed",
              "speed": "slow",
              "pass": true,
              "fail": false,
              "pending": false,
              "context": null,
              "code": "cy.get('.color').each(function (color) {\n  cy.wrap(color).should('have.class', 'color').and('not.have.css', 'background-color', WHITE);\n  cy.wrap(color).should('have.css', 'background-color');\n});",
              "err": {},
              "uuid": "18d36903-60a4-4f89-bf71-e91ecd635f37",
              "parentUUID": "4b8471b2-4a0a-4b28-b1e6-a1da14dc43b3",
              "isHook": false,
              "skipped": false
            },
            {
              "title": "Verifica se cada elemento da paleta de cores tem uma borda preta, sólida e com 1 pixel de largura;",
              "fullTitle": "2 - Adicione à página uma paleta de quatro cores distintas. Verifica se cada elemento da paleta de cores tem uma borda preta, sólida e com 1 pixel de largura;",
              "timedOut": null,
              "duration": 203,
              "state": "passed",
              "speed": "slow",
              "pass": true,
              "fail": false,
              "pending": false,
              "context": null,
              "code": "cy.get('.color').each(function (color) {\n  cy.wrap(color).and('have.css', 'border', \"1px solid \".concat(BLACK)).and('have.class', 'color');\n});",
              "err": {},
              "uuid": "0ddb242c-9594-4d36-bf08-c471f3244ca9",
              "parentUUID": "4b8471b2-4a0a-4b28-b1e6-a1da14dc43b3",
              "isHook": false,
              "skipped": false
            },
            {
              "title": "Verifica se a paleta lista todas as cores disponíveis para utilização, lado a lado.",
              "fullTitle": "2 - Adicione à página uma paleta de quatro cores distintas. Verifica se a paleta lista todas as cores disponíveis para utilização, lado a lado.",
              "timedOut": null,
              "duration": 212,
              "state": "passed",
              "speed": "slow",
              "pass": true,
              "fail": false,
              "pending": false,
              "context": null,
              "code": "cy.get('.color').then(function (colors) {\n  for (var index = 1; index < colors.length; index += 1) {\n    var currentColor = colors[index];\n    var previousColor = colors[index - 1];\n    cy.wrap(currentColor).should('be.onTheRightOf', previousColor).and('be.horizontallyAlignedWith', previousColor);\n  }\n});",
              "err": {},
              "uuid": "35b48eab-0d56-4ede-a6e0-86687e7c0091",
              "parentUUID": "4b8471b2-4a0a-4b28-b1e6-a1da14dc43b3",
              "isHook": false,
              "skipped": false
            },
            {
              "title": "Verifica se a paleta de cores está posicionada abaixo do título 'Paleta de Cores'",
              "fullTitle": "2 - Adicione à página uma paleta de quatro cores distintas. Verifica se a paleta de cores está posicionada abaixo do título 'Paleta de Cores'",
              "timedOut": null,
              "duration": 159,
              "state": "passed",
              "speed": "slow",
              "pass": true,
              "fail": false,
              "pending": false,
              "context": null,
              "code": "cy.get('h1#title').then(function (title) {\n  cy.get('#color-palette').should('be.belowOf', title);\n});",
              "err": {},
              "uuid": "4b9d33f7-2c9d-4489-8063-760b508bc3a6",
              "parentUUID": "4b8471b2-4a0a-4b28-b1e6-a1da14dc43b3",
              "isHook": false,
              "skipped": false
            },
            {
              "title": "Verifica se a paleta de cores não contém cores repetidas.",
              "fullTitle": "2 - Adicione à página uma paleta de quatro cores distintas. Verifica se a paleta de cores não contém cores repetidas.",
              "timedOut": null,
              "duration": 190,
              "state": "passed",
              "speed": "slow",
              "pass": true,
              "fail": false,
              "pending": false,
              "context": null,
              "code": "cy.get('.color').then(function (colors) {\n  var allColors = Array.from(colors).map(function (color) {\n    return Cypress.$(color).css('background-color');\n  });\n  cy.log(allColors);\n  var uniqColors = (0, _toConsumableArray2[\"default\"])(new Set(allColors));\n  cy.log(uniqColors);\n  expect(allColors.length).to.eq(uniqColors.length);\n});",
              "err": {},
              "uuid": "0e121901-6857-4abe-9320-a42800d815d8",
              "parentUUID": "4b8471b2-4a0a-4b28-b1e6-a1da14dc43b3",
              "isHook": false,
              "skipped": false
            }
          ],
          "suites": [],
          "passes": [
            "94426682-54b8-4710-8e6f-7d679d248139",
            "a4807d55-2103-4837-923d-a397b4cd63b4",
            "18d36903-60a4-4f89-bf71-e91ecd635f37",
            "0ddb242c-9594-4d36-bf08-c471f3244ca9",
            "35b48eab-0d56-4ede-a6e0-86687e7c0091",
            "4b9d33f7-2c9d-4489-8063-760b508bc3a6",
            "0e121901-6857-4abe-9320-a42800d815d8"
          ],
          "failures": [],
          "pending": [],
          "skipped": [],
          "duration": 1710,
          "root": false,
          "rootEmpty": false,
          "_timeout": 2000
        },
        {
          "uuid": "1502d687-3151-4e3c-8d5b-98048469d036",
          "title": "3 - Adicione a cor **preta** como a primeira cor da paleta de cores.",
          "fullFile": "",
          "file": "",
          "beforeHooks": [],
          "afterHooks": [],
          "tests": [
            {
              "title": "Verifica se a primeira cor da paleta é preta",
              "fullTitle": "3 - Adicione a cor **preta** como a primeira cor da paleta de cores. Verifica se a primeira cor da paleta é preta",
              "timedOut": null,
              "duration": 158,
              "state": "passed",
              "speed": "slow",
              "pass": true,
              "fail": false,
              "pending": false,
              "context": null,
              "code": "cy.get('.color').first().should('have.css', 'background-color', BLACK);",
              "err": {},
              "uuid": "370b245f-d7a8-45c2-8b4c-794669e91001",
              "parentUUID": "1502d687-3151-4e3c-8d5b-98048469d036",
              "isHook": false,
              "skipped": false
            },
            {
              "title": "Verifica se as demais cores podem ser escolhidas livremente.",
              "fullTitle": "3 - Adicione a cor **preta** como a primeira cor da paleta de cores. Verifica se as demais cores podem ser escolhidas livremente.",
              "timedOut": null,
              "duration": 383,
              "state": "passed",
              "speed": "slow",
              "pass": true,
              "fail": false,
              "pending": false,
              "context": null,
              "code": "cy.get('.color').eq(1).should('not.have.css', 'background-color', BLACK);\ncy.get('.color').eq(1).should('not.have.css', 'background-color', WHITE);\ncy.get('.color').eq(1).should('not.have.css', 'background-color', 'rgba(0, 0, 0, 0)');\ncy.get('.color').eq(1).should('have.css', 'background-color');\ncy.get('.color').eq(2).should('not.have.css', 'background-color', BLACK);\ncy.get('.color').eq(2).should('not.have.css', 'background-color', WHITE);\ncy.get('.color').eq(2).should('not.have.css', 'background-color', 'rgba(0, 0, 0, 0)');\ncy.get('.color').eq(2).should('have.css', 'background-color');\ncy.get('.color').eq(3).should('not.have.css', 'background-color', BLACK);\ncy.get('.color').eq(3).should('not.have.css', 'background-color', WHITE);\ncy.get('.color').eq(3).should('not.have.css', 'background-color', 'rgba(0, 0, 0, 0)');\ncy.get('.color').eq(3).should('have.css', 'background-color');",
              "err": {},
              "uuid": "fd3b3f49-3a3e-4db8-ae08-eb9b2f125091",
              "parentUUID": "1502d687-3151-4e3c-8d5b-98048469d036",
              "isHook": false,
              "skipped": false
            }
          ],
          "suites": [],
          "passes": [
            "370b245f-d7a8-45c2-8b4c-794669e91001",
            "fd3b3f49-3a3e-4db8-ae08-eb9b2f125091"
          ],
          "failures": [],
          "pending": [],
          "skipped": [],
          "duration": 541,
          "root": false,
          "rootEmpty": false,
          "_timeout": 2000
        },
        {
          "uuid": "0ca49750-d1c5-44bf-9806-d033c7975c4e",
          "title": "4 - Adicione à página um quadro de pixels, com 25 pixels.",
          "fullFile": "",
          "file": "",
          "beforeHooks": [],
          "afterHooks": [],
          "tests": [
            {
              "title": "Verifica se o quadro de pixels possui o `id` denominado `pixel-board`",
              "fullTitle": "4 - Adicione à página um quadro de pixels, com 25 pixels. Verifica se o quadro de pixels possui o `id` denominado `pixel-board`",
              "timedOut": null,
              "duration": 176,
              "state": "passed",
              "speed": "slow",
              "pass": true,
              "fail": false,
              "pending": false,
              "context": null,
              "code": "cy.get('#pixel-board').should('be.visible');",
              "err": {},
              "uuid": "8d1190c9-9708-426f-8290-ae4f024f40cb",
              "parentUUID": "0ca49750-d1c5-44bf-9806-d033c7975c4e",
              "isHook": false,
              "skipped": false
            },
            {
              "title": "Verifica se cada pixel individual dentro do quadro possui a `classe` denominada `pixel`.",
              "fullTitle": "4 - Adicione à página um quadro de pixels, com 25 pixels. Verifica se cada pixel individual dentro do quadro possui a `classe` denominada `pixel`.",
              "timedOut": null,
              "duration": 193,
              "state": "passed",
              "speed": "slow",
              "pass": true,
              "fail": false,
              "pending": false,
              "context": null,
              "code": "cy.get('.pixel').should('have.length', 25);",
              "err": {},
              "uuid": "953691d4-2b2d-4c66-bae6-de06f23d7fdf",
              "parentUUID": "0ca49750-d1c5-44bf-9806-d033c7975c4e",
              "isHook": false,
              "skipped": false
            },
            {
              "title": "Verifica se a cor inicial dos pixels dentro do quadro, ao abrir a página, é branca.",
              "fullTitle": "4 - Adicione à página um quadro de pixels, com 25 pixels. Verifica se a cor inicial dos pixels dentro do quadro, ao abrir a página, é branca.",
              "timedOut": null,
              "duration": 316,
              "state": "passed",
              "speed": "slow",
              "pass": true,
              "fail": false,
              "pending": false,
              "context": null,
              "code": "cy.get('.pixel').should('have.length', 25).each(function (pixel) {\n  expect(pixel).to.have.css('background-color', WHITE);\n});",
              "err": {},
              "uuid": "8ef12d02-96da-4ef2-8460-53498030e0ab",
              "parentUUID": "0ca49750-d1c5-44bf-9806-d033c7975c4e",
              "isHook": false,
              "skipped": false
            },
            {
              "title": "Verifica se o quadro de pixels aparece abaixo da paleta de cores",
              "fullTitle": "4 - Adicione à página um quadro de pixels, com 25 pixels. Verifica se o quadro de pixels aparece abaixo da paleta de cores",
              "timedOut": null,
              "duration": 190,
              "state": "passed",
              "speed": "slow",
              "pass": true,
              "fail": false,
              "pending": false,
              "context": null,
              "code": "cy.get('#color-palette').then(function (palette) {\n  cy.get('#pixel-board').should('be.belowOf', palette);\n});",
              "err": {},
              "uuid": "bc35be4d-9355-403b-89ef-30f113582202",
              "parentUUID": "0ca49750-d1c5-44bf-9806-d033c7975c4e",
              "isHook": false,
              "skipped": false
            }
          ],
          "suites": [],
          "passes": [
            "8d1190c9-9708-426f-8290-ae4f024f40cb",
            "953691d4-2b2d-4c66-bae6-de06f23d7fdf",
            "8ef12d02-96da-4ef2-8460-53498030e0ab",
            "bc35be4d-9355-403b-89ef-30f113582202"
          ],
          "failures": [],
          "pending": [],
          "skipped": [],
          "duration": 875,
          "root": false,
          "rootEmpty": false,
          "_timeout": 2000
        },
        {
          "uuid": "8bae7768-0694-4dbd-85ba-7912b529fba2",
          "title": "5 - Faça com que cada elemento do quadro de pixels possua 40 pixels de largura, 40 pixels de altura e seja delimitado por uma borda preta de 1 pixel.",
          "fullFile": "",
          "file": "",
          "beforeHooks": [],
          "afterHooks": [],
          "tests": [
            {
              "title": "Verifica se o quadro de pixels tem altura e comprimento de 5 elementos",
              "fullTitle": "5 - Faça com que cada elemento do quadro de pixels possua 40 pixels de largura, 40 pixels de altura e seja delimitado por uma borda preta de 1 pixel. Verifica se o quadro de pixels tem altura e comprimento de 5 elementos",
              "timedOut": null,
              "duration": 549,
              "state": "passed",
              "speed": "slow",
              "pass": true,
              "fail": false,
              "pending": false,
              "context": null,
              "code": "cy.get('.pixel').should('have.length', 25).each(function (pixel) {\n  expect(pixel).to.have.css('background-color', WHITE);\n}).and(function (pixels) {\n  var rows = chunk(pixels, 5);\n  rows.forEach(function (row) {\n    for (var index = 1; index < row.length; index += 1) {\n      var current = pixels[index];\n      var previous = pixels[index - 1];\n      cy.wrap(current).should('be.onTheRightOf', previous).and('be.horizontallyAlignedWith', previous);\n    }\n  });\n  for (var index = 1; index < 5; index += 1) {\n    expect(pixels[index * 5]).to.be.belowOf(pixels[(index - 1) * 5]);\n  }\n});",
              "err": {},
              "uuid": "ab9d8957-513c-4f1c-8219-ac75819157b0",
              "parentUUID": "8bae7768-0694-4dbd-85ba-7912b529fba2",
              "isHook": false,
              "skipped": false
            },
            {
              "title": "Verifica se 40 pixels é o tamanho total do elemento, incluindo seu conteúdo e excluindo a borda preta, que deve ser criada à parte.",
              "fullTitle": "5 - Faça com que cada elemento do quadro de pixels possua 40 pixels de largura, 40 pixels de altura e seja delimitado por uma borda preta de 1 pixel. Verifica se 40 pixels é o tamanho total do elemento, incluindo seu conteúdo e excluindo a borda preta, que deve ser criada à parte.",
              "timedOut": null,
              "duration": 518,
              "state": "passed",
              "speed": "slow",
              "pass": true,
              "fail": false,
              "pending": false,
              "context": null,
              "code": "cy.get('.pixel').each(function (pixel) {\n  cy.wrap(pixel).should('have.css', 'height', '40px').and('have.css', 'width', '40px').and('have.css', 'border', \"1px solid \".concat(BLACK));\n});",
              "err": {},
              "uuid": "6fcb7313-c243-4f78-b305-2a81affb772f",
              "parentUUID": "8bae7768-0694-4dbd-85ba-7912b529fba2",
              "isHook": false,
              "skipped": false
            }
          ],
          "suites": [],
          "passes": [
            "ab9d8957-513c-4f1c-8219-ac75819157b0",
            "6fcb7313-c243-4f78-b305-2a81affb772f"
          ],
          "failures": [],
          "pending": [],
          "skipped": [],
          "duration": 1067,
          "root": false,
          "rootEmpty": false,
          "_timeout": 2000
        },
        {
          "uuid": "6a7c39db-1974-4abd-87c3-99fb22740afb",
          "title": "6 - Defina a cor preta como cor inicial. Ao carregar a página a cor preta já deve estar selecionada para pintar os pixels",
          "fullFile": "",
          "file": "",
          "beforeHooks": [],
          "afterHooks": [],
          "tests": [
            {
              "title": "Verifica se o elemento da cor preta possui, inicialmente, a `classe` `selected`",
              "fullTitle": "6 - Defina a cor preta como cor inicial. Ao carregar a página a cor preta já deve estar selecionada para pintar os pixels Verifica se o elemento da cor preta possui, inicialmente, a `classe` `selected`",
              "timedOut": null,
              "duration": 171,
              "state": "passed",
              "speed": "slow",
              "pass": true,
              "fail": false,
              "pending": false,
              "context": null,
              "code": "cy.get('.selected').first().should('have.css', 'background-color', BLACK);",
              "err": {},
              "uuid": "499328f1-7ab7-412c-92fb-cc8909b5a016",
              "parentUUID": "6a7c39db-1974-4abd-87c3-99fb22740afb",
              "isHook": false,
              "skipped": false
            },
            {
              "title": "Verifica se nenhuma outra cor da paleta tem a `classe` `selected`",
              "fullTitle": "6 - Defina a cor preta como cor inicial. Ao carregar a página a cor preta já deve estar selecionada para pintar os pixels Verifica se nenhuma outra cor da paleta tem a `classe` `selected`",
              "timedOut": null,
              "duration": 174,
              "state": "passed",
              "speed": "slow",
              "pass": true,
              "fail": false,
              "pending": false,
              "context": null,
              "code": "cy.get('.color:not(:first-child)').each(function (color) {\n  cy.wrap(color).should('not.have.class', 'selected');\n});",
              "err": {},
              "uuid": "ae7716fb-55a0-4a5f-b786-69994114b0a2",
              "parentUUID": "6a7c39db-1974-4abd-87c3-99fb22740afb",
              "isHook": false,
              "skipped": false
            }
          ],
          "suites": [],
          "passes": [
            "499328f1-7ab7-412c-92fb-cc8909b5a016",
            "ae7716fb-55a0-4a5f-b786-69994114b0a2"
          ],
          "failures": [],
          "pending": [],
          "skipped": [],
          "duration": 345,
          "root": false,
          "rootEmpty": false,
          "_timeout": 2000
        },
        {
          "uuid": "b92cdf6c-dbc8-4bc2-a883-0c9a6b50dfe0",
          "title": "7 - Clicar em uma das cores da paleta, faz com que ela seja selecionada e utilizada para preencher os pixels no quadro.",
          "fullFile": "",
          "file": "",
          "beforeHooks": [],
          "afterHooks": [],
          "tests": [
            {
              "title": "Verifica se somente uma cor da paleta de cores tem a classe `selected` de cada vez",
              "fullTitle": "7 - Clicar em uma das cores da paleta, faz com que ela seja selecionada e utilizada para preencher os pixels no quadro. Verifica se somente uma cor da paleta de cores tem a classe `selected` de cada vez",
              "timedOut": null,
              "duration": 628,
              "state": "passed",
              "speed": "slow",
              "pass": true,
              "fail": false,
              "pending": false,
              "context": null,
              "code": "cy.get('.color').each(function (selectedColor, selectedColorIndex) {\n  cy.wrap(selectedColor).click();\n  cy.get('.color').each(function (color, colorIndex) {\n    if (colorIndex === selectedColorIndex) {\n      expect(color).to.have[\"class\"]('selected');\n    } else {\n      expect(color).not.to.have[\"class\"]('selected');\n    }\n  });\n});",
              "err": {},
              "uuid": "d6d81be4-eab7-4a99-8026-0e6a08dbbd52",
              "parentUUID": "b92cdf6c-dbc8-4bc2-a883-0c9a6b50dfe0",
              "isHook": false,
              "skipped": false
            },
            {
              "title": "Verifica se os pixels dentro do quadro não têm a classe `selected` quando são clicados",
              "fullTitle": "7 - Clicar em uma das cores da paleta, faz com que ela seja selecionada e utilizada para preencher os pixels no quadro. Verifica se os pixels dentro do quadro não têm a classe `selected` quando são clicados",
              "timedOut": null,
              "duration": 9071,
              "state": "passed",
              "speed": "slow",
              "pass": true,
              "fail": false,
              "pending": false,
              "context": null,
              "code": "cy.get('.color').each(function (color) {\n  var backgroundColor = color.css('background-color');\n  cy.wrap(color).click();\n  cy.get('.pixel').each(function (pixel) {\n    cy.wrap(pixel).click().should('not.have.class', 'selected');\n  });\n});",
              "err": {},
              "uuid": "50cb6e28-1cc8-44d2-b5af-3f3f01750ff8",
              "parentUUID": "b92cdf6c-dbc8-4bc2-a883-0c9a6b50dfe0",
              "isHook": false,
              "skipped": false
            }
          ],
          "suites": [],
          "passes": [
            "d6d81be4-eab7-4a99-8026-0e6a08dbbd52",
            "50cb6e28-1cc8-44d2-b5af-3f3f01750ff8"
          ],
          "failures": [],
          "pending": [],
          "skipped": [],
          "duration": 9699,
          "root": false,
          "rootEmpty": false,
          "_timeout": 2000
        },
        {
          "uuid": "7e14637f-d5db-44eb-81d0-06ef509b980d",
          "title": "8 - Clicar em um pixel dentro do quadro após selecionar uma cor na paleta, faz com que o pixel seja preenchido com a cor selecionada.",
          "fullFile": "",
          "file": "",
          "beforeHooks": [],
          "afterHooks": [],
          "tests": [
            {
              "title": "Verifica se ao carregar a página deve ser possível pintar os pixels de preto",
              "fullTitle": "8 - Clicar em um pixel dentro do quadro após selecionar uma cor na paleta, faz com que o pixel seja preenchido com a cor selecionada. Verifica se ao carregar a página deve ser possível pintar os pixels de preto",
              "timedOut": null,
              "duration": 4655,
              "state": "failed",
              "speed": null,
              "pass": false,
              "fail": true,
              "pending": false,
              "context": null,
              "code": "cy.get('.pixel').each(function (pixel) {\n  cy.wrap(pixel).click().should('have.css', 'background-color', BLACK);\n});",
              "err": {
                "message": "CypressError: Timed out retrying: expected '<div.pixel>' to have CSS property 'background-color' with the value 'rgb(0, 0, 0)', but the value was 'rgb(255, 255, 255)'",
                "estack": "CypressError: Timed out retrying: expected '<div.pixel>' to have CSS property 'background-color' with the value 'rgb(0, 0, 0)', but the value was 'rgb(255, 255, 255)'\n    at cypressErr (http://localhost:37561/__cypress/runner/cypress_runner.js:149934:9)\n    at throwErr (http://localhost:37561/__cypress/runner/cypress_runner.js:149867:11)\n    at Object.throwErrByPath (http://localhost:37561/__cypress/runner/cypress_runner.js:149915:3)\n    at retry (http://localhost:37561/__cypress/runner/cypress_runner.js:144197:19)\n    at onFailFn (http://localhost:37561/__cypress/runner/cypress_runner.js:132448:16)\n    at tryCatcher (http://localhost:37561/__cypress/runner/cypress_runner.js:167415:23)\n    at Promise._settlePromiseFromHandler (http://localhost:37561/__cypress/runner/cypress_runner.js:165351:31)\n    at Promise._settlePromise (http://localhost:37561/__cypress/runner/cypress_runner.js:165408:18)\n    at Promise._settlePromise0 (http://localhost:37561/__cypress/runner/cypress_runner.js:165453:10)\n    at Promise._settlePromises (http://localhost:37561/__cypress/runner/cypress_runner.js:165528:18)\n    at Async../node_modules/bluebird/js/release/async.js.Async._drainQueue (http://localhost:37561/__cypress/runner/cypress_runner.js:162140:16)\n    at Async../node_modules/bluebird/js/release/async.js.Async._drainQueues (http://localhost:37561/__cypress/runner/cypress_runner.js:162150:10)\n    at Async.drainQueues (http://localhost:37561/__cypress/runner/cypress_runner.js:162024:14)",
                "diff": null
              },
              "uuid": "0d79b462-484f-484f-94d3-c8505e6163c2",
              "parentUUID": "7e14637f-d5db-44eb-81d0-06ef509b980d",
              "isHook": false,
              "skipped": false
            },
            {
              "title": "Verifica se após selecionar uma outra cor na paleta, é possível pintar os pixels com essa cor",
              "fullTitle": "8 - Clicar em um pixel dentro do quadro após selecionar uma cor na paleta, faz com que o pixel seja preenchido com a cor selecionada. Verifica se após selecionar uma outra cor na paleta, é possível pintar os pixels com essa cor",
              "timedOut": null,
              "duration": 4734,
              "state": "failed",
              "speed": null,
              "pass": false,
              "fail": true,
              "pending": false,
              "context": null,
              "code": "cy.get('.color').each(function (color) {\n  var backgroundColor = color.css('background-color');\n  cy.wrap(color).click();\n  cy.get('.pixel').each(function (pixel) {\n    cy.wrap(pixel).click().should('have.css', 'background-color', backgroundColor);\n  });\n});",
              "err": {
                "message": "CypressError: Timed out retrying: expected '<div.pixel>' to have CSS property 'background-color' with the value 'rgb(0, 0, 0)', but the value was 'rgb(255, 255, 255)'",
                "estack": "CypressError: Timed out retrying: expected '<div.pixel>' to have CSS property 'background-color' with the value 'rgb(0, 0, 0)', but the value was 'rgb(255, 255, 255)'\n    at cypressErr (http://localhost:37561/__cypress/runner/cypress_runner.js:149934:9)\n    at throwErr (http://localhost:37561/__cypress/runner/cypress_runner.js:149867:11)\n    at Object.throwErrByPath (http://localhost:37561/__cypress/runner/cypress_runner.js:149915:3)\n    at retry (http://localhost:37561/__cypress/runner/cypress_runner.js:144197:19)\n    at onFailFn (http://localhost:37561/__cypress/runner/cypress_runner.js:132448:16)\n    at tryCatcher (http://localhost:37561/__cypress/runner/cypress_runner.js:167415:23)\n    at Promise._settlePromiseFromHandler (http://localhost:37561/__cypress/runner/cypress_runner.js:165351:31)\n    at Promise._settlePromise (http://localhost:37561/__cypress/runner/cypress_runner.js:165408:18)\n    at Promise._settlePromise0 (http://localhost:37561/__cypress/runner/cypress_runner.js:165453:10)\n    at Promise._settlePromises (http://localhost:37561/__cypress/runner/cypress_runner.js:165528:18)\n    at Async../node_modules/bluebird/js/release/async.js.Async._drainQueue (http://localhost:37561/__cypress/runner/cypress_runner.js:162140:16)\n    at Async../node_modules/bluebird/js/release/async.js.Async._drainQueues (http://localhost:37561/__cypress/runner/cypress_runner.js:162150:10)\n    at Async.drainQueues (http://localhost:37561/__cypress/runner/cypress_runner.js:162024:14)",
                "diff": null
              },
              "uuid": "39de312d-af06-4d7b-8426-42ef75db3611",
              "parentUUID": "7e14637f-d5db-44eb-81d0-06ef509b980d",
              "isHook": false,
              "skipped": false
            },
            {
              "title": "Verifica se somente o pixel que foi clicado foi preenchido com a cor selecionada, sem influenciar na cor dos demais pixels.",
              "fullTitle": "8 - Clicar em um pixel dentro do quadro após selecionar uma cor na paleta, faz com que o pixel seja preenchido com a cor selecionada. Verifica se somente o pixel que foi clicado foi preenchido com a cor selecionada, sem influenciar na cor dos demais pixels.",
              "timedOut": null,
              "duration": 1966,
              "state": "passed",
              "speed": "slow",
              "pass": true,
              "fail": false,
              "pending": false,
              "context": null,
              "code": "var colorToPixelIndexMap = {\n  0: 6,\n  1: 8,\n  2: 16,\n  3: 18\n};\ncy.get('.color').each(function (color, index) {\n  cy.wrap(color).click();\n  var backgroundColor = color.css('background-color');\n  var clickedPixelIndex = colorToPixelIndexMap[index];\n  cy.get('.pixel').eq(clickedPixelIndex).click();\n  cy.get('.pixel').eq(clickedPixelIndex - 1).should('not.have.css', 'background-color', backgroundColor);\n  cy.get('.pixel').eq(clickedPixelIndex + 1).should('not.have.css', 'background-color', backgroundColor);\n  cy.get('.pixel').eq(clickedPixelIndex - 5).should('not.have.css', 'background-color', backgroundColor);\n  cy.get('.pixel').eq(clickedPixelIndex + 5).should('not.have.css', 'background-color', backgroundColor);\n  cy.get('.pixel').eq(clickedPixelIndex - 6).should('not.have.css', 'background-color', backgroundColor);\n  cy.get('.pixel').eq(clickedPixelIndex - 4).should('not.have.css', 'background-color', backgroundColor);\n  cy.get('.pixel').eq(clickedPixelIndex + 4).should('not.have.css', 'background-color', backgroundColor);\n  cy.get('.pixel').eq(clickedPixelIndex + 6).should('not.have.css', 'background-color', backgroundColor);\n});",
              "err": {},
              "uuid": "dee24c1f-0794-4b23-b510-126bcb6d3ca5",
              "parentUUID": "7e14637f-d5db-44eb-81d0-06ef509b980d",
              "isHook": false,
              "skipped": false
            }
          ],
          "suites": [],
          "passes": [
            "dee24c1f-0794-4b23-b510-126bcb6d3ca5"
          ],
          "failures": [
            "0d79b462-484f-484f-94d3-c8505e6163c2",
            "39de312d-af06-4d7b-8426-42ef75db3611"
          ],
          "pending": [],
          "skipped": [],
          "duration": 11355,
          "root": false,
          "rootEmpty": false,
          "_timeout": 2000
        },
        {
          "uuid": "8ba91e53-b582-48ee-b488-f1d54ca0587e",
          "title": "9 - Crie um botão que, ao ser clicado, limpa o quadro preenchendo a cor de todos seus pixels com branco.",
          "fullFile": "",
          "file": "",
          "beforeHooks": [],
          "afterHooks": [],
          "tests": [
            {
              "title": "Verifica se o botão tem o `id` denominado `clear-board`",
              "fullTitle": "9 - Crie um botão que, ao ser clicado, limpa o quadro preenchendo a cor de todos seus pixels com branco. Verifica se o botão tem o `id` denominado `clear-board`",
              "timedOut": null,
              "duration": 4622,
              "state": "failed",
              "speed": null,
              "pass": false,
              "fail": true,
              "pending": false,
              "context": null,
              "code": "cy.get('#clear-board').should('be.visible');",
              "err": {
                "message": "CypressError: Timed out retrying: Expected to find element: '#clear-board', but never found it.",
                "estack": "CypressError: Timed out retrying: Expected to find element: '#clear-board', but never found it.\n    at cypressErr (http://localhost:37561/__cypress/runner/cypress_runner.js:149934:9)\n    at throwErr (http://localhost:37561/__cypress/runner/cypress_runner.js:149867:11)\n    at Object.throwErrByPath (http://localhost:37561/__cypress/runner/cypress_runner.js:149915:3)\n    at retry (http://localhost:37561/__cypress/runner/cypress_runner.js:144197:19)\n    at onFailFn (http://localhost:37561/__cypress/runner/cypress_runner.js:132448:16)\n    at tryCatcher (http://localhost:37561/__cypress/runner/cypress_runner.js:167415:23)\n    at Promise._settlePromiseFromHandler (http://localhost:37561/__cypress/runner/cypress_runner.js:165351:31)\n    at Promise._settlePromise (http://localhost:37561/__cypress/runner/cypress_runner.js:165408:18)\n    at Promise._settlePromise0 (http://localhost:37561/__cypress/runner/cypress_runner.js:165453:10)\n    at Promise._settlePromises (http://localhost:37561/__cypress/runner/cypress_runner.js:165528:18)\n    at Async../node_modules/bluebird/js/release/async.js.Async._drainQueue (http://localhost:37561/__cypress/runner/cypress_runner.js:162140:16)\n    at Async../node_modules/bluebird/js/release/async.js.Async._drainQueues (http://localhost:37561/__cypress/runner/cypress_runner.js:162150:10)\n    at Async.drainQueues (http://localhost:37561/__cypress/runner/cypress_runner.js:162024:14)",
                "diff": null
              },
              "uuid": "8d747222-7b83-4f64-a71f-eff168e7655f",
              "parentUUID": "8ba91e53-b582-48ee-b488-f1d54ca0587e",
              "isHook": false,
              "skipped": false
            },
            {
              "title": "Verifica se o botão está posicionado entre a paleta de cores e o quadro de pixels",
              "fullTitle": "9 - Crie um botão que, ao ser clicado, limpa o quadro preenchendo a cor de todos seus pixels com branco. Verifica se o botão está posicionado entre a paleta de cores e o quadro de pixels",
              "timedOut": null,
              "duration": 4552,
              "state": "failed",
              "speed": null,
              "pass": false,
              "fail": true,
              "pending": false,
              "context": null,
              "code": "cy.get('#color-palette').then(function (palette) {\n  cy.get('#clear-board').should('be.belowOf', palette);\n});\ncy.get('#clear-board').then(function (clearBtn) {\n  cy.get('#pixel-board').should('be.belowOf', clearBtn);\n});",
              "err": {
                "message": "CypressError: Timed out retrying: Expected to find element: '#clear-board', but never found it.",
                "estack": "CypressError: Timed out retrying: Expected to find element: '#clear-board', but never found it.\n    at cypressErr (http://localhost:37561/__cypress/runner/cypress_runner.js:149934:9)\n    at throwErr (http://localhost:37561/__cypress/runner/cypress_runner.js:149867:11)\n    at Object.throwErrByPath (http://localhost:37561/__cypress/runner/cypress_runner.js:149915:3)\n    at retry (http://localhost:37561/__cypress/runner/cypress_runner.js:144197:19)\n    at onFailFn (http://localhost:37561/__cypress/runner/cypress_runner.js:132448:16)\n    at tryCatcher (http://localhost:37561/__cypress/runner/cypress_runner.js:167415:23)\n    at Promise._settlePromiseFromHandler (http://localhost:37561/__cypress/runner/cypress_runner.js:165351:31)\n    at Promise._settlePromise (http://localhost:37561/__cypress/runner/cypress_runner.js:165408:18)\n    at Promise._settlePromise0 (http://localhost:37561/__cypress/runner/cypress_runner.js:165453:10)\n    at Promise._settlePromises (http://localhost:37561/__cypress/runner/cypress_runner.js:165528:18)\n    at Async../node_modules/bluebird/js/release/async.js.Async._drainQueue (http://localhost:37561/__cypress/runner/cypress_runner.js:162140:16)\n    at Async../node_modules/bluebird/js/release/async.js.Async._drainQueues (http://localhost:37561/__cypress/runner/cypress_runner.js:162150:10)\n    at Async.drainQueues (http://localhost:37561/__cypress/runner/cypress_runner.js:162024:14)",
                "diff": null
              },
              "uuid": "3b1e191f-5b99-421a-80eb-5d7542947f6d",
              "parentUUID": "8ba91e53-b582-48ee-b488-f1d54ca0587e",
              "isHook": false,
              "skipped": false
            },
            {
              "title": "Verifica se o texto do botão é 'Limpar'",
              "fullTitle": "9 - Crie um botão que, ao ser clicado, limpa o quadro preenchendo a cor de todos seus pixels com branco. Verifica se o texto do botão é 'Limpar'",
              "timedOut": null,
              "duration": 4581,
              "state": "failed",
              "speed": null,
              "pass": false,
              "fail": true,
              "pending": false,
              "context": null,
              "code": "cy.get('#clear-board').should('contain.text', 'Limpar');",
              "err": {
                "message": "CypressError: Timed out retrying: Expected to find element: '#clear-board', but never found it.",
                "estack": "CypressError: Timed out retrying: Expected to find element: '#clear-board', but never found it.\n    at cypressErr (http://localhost:37561/__cypress/runner/cypress_runner.js:149934:9)\n    at throwErr (http://localhost:37561/__cypress/runner/cypress_runner.js:149867:11)\n    at Object.throwErrByPath (http://localhost:37561/__cypress/runner/cypress_runner.js:149915:3)\n    at retry (http://localhost:37561/__cypress/runner/cypress_runner.js:144197:19)\n    at onFailFn (http://localhost:37561/__cypress/runner/cypress_runner.js:132448:16)\n    at tryCatcher (http://localhost:37561/__cypress/runner/cypress_runner.js:167415:23)\n    at Promise._settlePromiseFromHandler (http://localhost:37561/__cypress/runner/cypress_runner.js:165351:31)\n    at Promise._settlePromise (http://localhost:37561/__cypress/runner/cypress_runner.js:165408:18)\n    at Promise._settlePromise0 (http://localhost:37561/__cypress/runner/cypress_runner.js:165453:10)\n    at Promise._settlePromises (http://localhost:37561/__cypress/runner/cypress_runner.js:165528:18)\n    at Async../node_modules/bluebird/js/release/async.js.Async._drainQueue (http://localhost:37561/__cypress/runner/cypress_runner.js:162140:16)\n    at Async../node_modules/bluebird/js/release/async.js.Async._drainQueues (http://localhost:37561/__cypress/runner/cypress_runner.js:162150:10)\n    at Async.drainQueues (http://localhost:37561/__cypress/runner/cypress_runner.js:162024:14)",
                "diff": null
              },
              "uuid": "79cbc173-facc-45d6-88cc-2b34279bd445",
              "parentUUID": "8ba91e53-b582-48ee-b488-f1d54ca0587e",
              "isHook": false,
              "skipped": false
            },
            {
              "title": "Verifica se ao clicar no botão, o quadro de pixels é totalmente preenchido de branco",
              "fullTitle": "9 - Crie um botão que, ao ser clicado, limpa o quadro preenchendo a cor de todos seus pixels com branco. Verifica se ao clicar no botão, o quadro de pixels é totalmente preenchido de branco",
              "timedOut": null,
              "duration": 4755,
              "state": "failed",
              "speed": null,
              "pass": false,
              "fail": true,
              "pending": false,
              "context": null,
              "code": "cy.get('.color').eq(1).then(function (color) {\n  var backgroundColor = color.css('background-color');\n  cy.wrap(color).click();\n  cy.get('.pixel').each(function (pixel) {\n    cy.wrap(pixel).click().should('have.css', 'background-color', backgroundColor);\n  });\n});\ncy.get('#clear-board').click();\ncy.get('.pixel').each(function (pixel) {\n  cy.wrap(pixel).should('have.css', 'background-color', WHITE);\n});",
              "err": {
                "message": "CypressError: Timed out retrying: expected '<div.pixel>' to have CSS property 'background-color' with the value 'rgb(127, 255, 212)', but the value was 'rgb(255, 255, 255)'",
                "estack": "CypressError: Timed out retrying: expected '<div.pixel>' to have CSS property 'background-color' with the value 'rgb(127, 255, 212)', but the value was 'rgb(255, 255, 255)'\n    at cypressErr (http://localhost:37561/__cypress/runner/cypress_runner.js:149934:9)\n    at throwErr (http://localhost:37561/__cypress/runner/cypress_runner.js:149867:11)\n    at Object.throwErrByPath (http://localhost:37561/__cypress/runner/cypress_runner.js:149915:3)\n    at retry (http://localhost:37561/__cypress/runner/cypress_runner.js:144197:19)\n    at onFailFn (http://localhost:37561/__cypress/runner/cypress_runner.js:132448:16)\n    at tryCatcher (http://localhost:37561/__cypress/runner/cypress_runner.js:167415:23)\n    at Promise._settlePromiseFromHandler (http://localhost:37561/__cypress/runner/cypress_runner.js:165351:31)\n    at Promise._settlePromise (http://localhost:37561/__cypress/runner/cypress_runner.js:165408:18)\n    at Promise._settlePromise0 (http://localhost:37561/__cypress/runner/cypress_runner.js:165453:10)\n    at Promise._settlePromises (http://localhost:37561/__cypress/runner/cypress_runner.js:165528:18)\n    at Async../node_modules/bluebird/js/release/async.js.Async._drainQueue (http://localhost:37561/__cypress/runner/cypress_runner.js:162140:16)\n    at Async../node_modules/bluebird/js/release/async.js.Async._drainQueues (http://localhost:37561/__cypress/runner/cypress_runner.js:162150:10)\n    at Async.drainQueues (http://localhost:37561/__cypress/runner/cypress_runner.js:162024:14)",
                "diff": null
              },
              "uuid": "3ad5325e-d316-48a3-970e-4ba3c4847961",
              "parentUUID": "8ba91e53-b582-48ee-b488-f1d54ca0587e",
              "isHook": false,
              "skipped": false
            }
          ],
          "suites": [],
          "passes": [],
          "failures": [
            "8d747222-7b83-4f64-a71f-eff168e7655f",
            "3b1e191f-5b99-421a-80eb-5d7542947f6d",
            "79cbc173-facc-45d6-88cc-2b34279bd445",
            "3ad5325e-d316-48a3-970e-4ba3c4847961"
          ],
          "pending": [],
          "skipped": [],
          "duration": 18510,
          "root": false,
          "rootEmpty": false,
          "_timeout": 2000
        },
        {
          "uuid": "e72c1831-a27a-4d20-a036-6edefd8a28e3",
          "title": "10 - Faça o quadro de pixels ter seu tamanho definido pelo usuário.",
          "fullFile": "",
          "file": "",
          "beforeHooks": [],
          "afterHooks": [],
          "tests": [
            {
              "title": "Verifica se existe um input com o id `board-size`",
              "fullTitle": "10 - Faça o quadro de pixels ter seu tamanho definido pelo usuário. Verifica se existe um input com o id `board-size`",
              "timedOut": null,
              "duration": 4877,
              "state": "failed",
              "speed": null,
              "pass": false,
              "fail": true,
              "pending": false,
              "context": null,
              "code": "cy.get('#board-size').should('be.visible');",
              "err": {
                "message": "CypressError: Timed out retrying: Expected to find element: '#board-size', but never found it.",
                "estack": "CypressError: Timed out retrying: Expected to find element: '#board-size', but never found it.\n    at cypressErr (http://localhost:37561/__cypress/runner/cypress_runner.js:149934:9)\n    at throwErr (http://localhost:37561/__cypress/runner/cypress_runner.js:149867:11)\n    at Object.throwErrByPath (http://localhost:37561/__cypress/runner/cypress_runner.js:149915:3)\n    at retry (http://localhost:37561/__cypress/runner/cypress_runner.js:144197:19)\n    at onFailFn (http://localhost:37561/__cypress/runner/cypress_runner.js:132448:16)\n    at tryCatcher (http://localhost:37561/__cypress/runner/cypress_runner.js:167415:23)\n    at Promise._settlePromiseFromHandler (http://localhost:37561/__cypress/runner/cypress_runner.js:165351:31)\n    at Promise._settlePromise (http://localhost:37561/__cypress/runner/cypress_runner.js:165408:18)\n    at Promise._settlePromise0 (http://localhost:37561/__cypress/runner/cypress_runner.js:165453:10)\n    at Promise._settlePromises (http://localhost:37561/__cypress/runner/cypress_runner.js:165528:18)\n    at Async../node_modules/bluebird/js/release/async.js.Async._drainQueue (http://localhost:37561/__cypress/runner/cypress_runner.js:162140:16)\n    at Async../node_modules/bluebird/js/release/async.js.Async._drainQueues (http://localhost:37561/__cypress/runner/cypress_runner.js:162150:10)\n    at Async.drainQueues (http://localhost:37561/__cypress/runner/cypress_runner.js:162024:14)",
                "diff": null
              },
              "uuid": "f8085ff8-1bde-49e2-b5ae-ff7a82eebaeb",
              "parentUUID": "e72c1831-a27a-4d20-a036-6edefd8a28e3",
              "isHook": false,
              "skipped": false
            },
            {
              "title": "Verifica se existe um botão com o id `generate-board`",
              "fullTitle": "10 - Faça o quadro de pixels ter seu tamanho definido pelo usuário. Verifica se existe um botão com o id `generate-board`",
              "timedOut": null,
              "duration": 4670,
              "state": "failed",
              "speed": null,
              "pass": false,
              "fail": true,
              "pending": false,
              "context": null,
              "code": "cy.get('#generate-board').should('be.visible');",
              "err": {
                "message": "CypressError: Timed out retrying: Expected to find element: '#generate-board', but never found it.",
                "estack": "CypressError: Timed out retrying: Expected to find element: '#generate-board', but never found it.\n    at cypressErr (http://localhost:37561/__cypress/runner/cypress_runner.js:149934:9)\n    at throwErr (http://localhost:37561/__cypress/runner/cypress_runner.js:149867:11)\n    at Object.throwErrByPath (http://localhost:37561/__cypress/runner/cypress_runner.js:149915:3)\n    at retry (http://localhost:37561/__cypress/runner/cypress_runner.js:144197:19)\n    at onFailFn (http://localhost:37561/__cypress/runner/cypress_runner.js:132448:16)\n    at tryCatcher (http://localhost:37561/__cypress/runner/cypress_runner.js:167415:23)\n    at Promise._settlePromiseFromHandler (http://localhost:37561/__cypress/runner/cypress_runner.js:165351:31)\n    at Promise._settlePromise (http://localhost:37561/__cypress/runner/cypress_runner.js:165408:18)\n    at Promise._settlePromise0 (http://localhost:37561/__cypress/runner/cypress_runner.js:165453:10)\n    at Promise._settlePromises (http://localhost:37561/__cypress/runner/cypress_runner.js:165528:18)\n    at Async../node_modules/bluebird/js/release/async.js.Async._drainQueue (http://localhost:37561/__cypress/runner/cypress_runner.js:162140:16)\n    at Async../node_modules/bluebird/js/release/async.js.Async._drainQueues (http://localhost:37561/__cypress/runner/cypress_runner.js:162150:10)\n    at Async.drainQueues (http://localhost:37561/__cypress/runner/cypress_runner.js:162024:14)",
                "diff": null
              },
              "uuid": "69190d1a-d55f-4203-8c3b-ba3b87d0e364",
              "parentUUID": "e72c1831-a27a-4d20-a036-6edefd8a28e3",
              "isHook": false,
              "skipped": false
            },
            {
              "title": "Verifica se o input só aceita número maiores que zero. Essa restrição deve ser feita usando os atributos do elemento `input`",
              "fullTitle": "10 - Faça o quadro de pixels ter seu tamanho definido pelo usuário. Verifica se o input só aceita número maiores que zero. Essa restrição deve ser feita usando os atributos do elemento `input`",
              "timedOut": null,
              "duration": 4589,
              "state": "failed",
              "speed": null,
              "pass": false,
              "fail": true,
              "pending": false,
              "context": null,
              "code": "cy.get('#board-size[type=\\'number\\'][min=\\'1\\']');",
              "err": {
                "message": "CypressError: Timed out retrying: Expected to find element: '#board-size[type='number'][min='1']', but never found it.",
                "estack": "CypressError: Timed out retrying: Expected to find element: '#board-size[type='number'][min='1']', but never found it.\n    at cypressErr (http://localhost:37561/__cypress/runner/cypress_runner.js:149934:9)\n    at throwErr (http://localhost:37561/__cypress/runner/cypress_runner.js:149867:11)\n    at Object.throwErrByPath (http://localhost:37561/__cypress/runner/cypress_runner.js:149915:3)\n    at retry (http://localhost:37561/__cypress/runner/cypress_runner.js:144197:19)\n    at onFailFn (http://localhost:37561/__cypress/runner/cypress_runner.js:132448:16)\n    at tryCatcher (http://localhost:37561/__cypress/runner/cypress_runner.js:167415:23)\n    at Promise._settlePromiseFromHandler (http://localhost:37561/__cypress/runner/cypress_runner.js:165351:31)\n    at Promise._settlePromise (http://localhost:37561/__cypress/runner/cypress_runner.js:165408:18)\n    at Promise._settlePromise0 (http://localhost:37561/__cypress/runner/cypress_runner.js:165453:10)\n    at Promise._settlePromises (http://localhost:37561/__cypress/runner/cypress_runner.js:165528:18)\n    at Async../node_modules/bluebird/js/release/async.js.Async._drainQueue (http://localhost:37561/__cypress/runner/cypress_runner.js:162140:16)\n    at Async../node_modules/bluebird/js/release/async.js.Async._drainQueues (http://localhost:37561/__cypress/runner/cypress_runner.js:162150:10)\n    at Async.drainQueues (http://localhost:37561/__cypress/runner/cypress_runner.js:162024:14)",
                "diff": null
              },
              "uuid": "eb291ba5-550b-44fe-99b6-04ad0acabca5",
              "parentUUID": "e72c1831-a27a-4d20-a036-6edefd8a28e3",
              "isHook": false,
              "skipped": false
            },
            {
              "title": "Verifica se o botão contém o texto 'VQV'",
              "fullTitle": "10 - Faça o quadro de pixels ter seu tamanho definido pelo usuário. Verifica se o botão contém o texto 'VQV'",
              "timedOut": null,
              "duration": 4617,
              "state": "failed",
              "speed": null,
              "pass": false,
              "fail": true,
              "pending": false,
              "context": null,
              "code": "cy.get('#generate-board').contains(/vqv/i);",
              "err": {
                "message": "CypressError: Timed out retrying: Expected to find element: '#generate-board', but never found it.",
                "estack": "CypressError: Timed out retrying: Expected to find element: '#generate-board', but never found it.\n    at cypressErr (http://localhost:37561/__cypress/runner/cypress_runner.js:149934:9)\n    at throwErr (http://localhost:37561/__cypress/runner/cypress_runner.js:149867:11)\n    at Object.throwErrByPath (http://localhost:37561/__cypress/runner/cypress_runner.js:149915:3)\n    at retry (http://localhost:37561/__cypress/runner/cypress_runner.js:144197:19)\n    at onFailFn (http://localhost:37561/__cypress/runner/cypress_runner.js:132448:16)\n    at tryCatcher (http://localhost:37561/__cypress/runner/cypress_runner.js:167415:23)\n    at Promise._settlePromiseFromHandler (http://localhost:37561/__cypress/runner/cypress_runner.js:165351:31)\n    at Promise._settlePromise (http://localhost:37561/__cypress/runner/cypress_runner.js:165408:18)\n    at Promise._settlePromise0 (http://localhost:37561/__cypress/runner/cypress_runner.js:165453:10)\n    at Promise._settlePromises (http://localhost:37561/__cypress/runner/cypress_runner.js:165528:18)\n    at Async../node_modules/bluebird/js/release/async.js.Async._drainQueue (http://localhost:37561/__cypress/runner/cypress_runner.js:162140:16)\n    at Async../node_modules/bluebird/js/release/async.js.Async._drainQueues (http://localhost:37561/__cypress/runner/cypress_runner.js:162150:10)\n    at Async.drainQueues (http://localhost:37561/__cypress/runner/cypress_runner.js:162024:14)",
                "diff": null
              },
              "uuid": "10887810-d3af-472d-aeca-b068c4164fd0",
              "parentUUID": "e72c1831-a27a-4d20-a036-6edefd8a28e3",
              "isHook": false,
              "skipped": false
            },
            {
              "title": "Verifica se o input está posicionado entre a paleta de cores e o quadro de pixels",
              "fullTitle": "10 - Faça o quadro de pixels ter seu tamanho definido pelo usuário. Verifica se o input está posicionado entre a paleta de cores e o quadro de pixels",
              "timedOut": null,
              "duration": 4647,
              "state": "failed",
              "speed": null,
              "pass": false,
              "fail": true,
              "pending": false,
              "context": null,
              "code": "cy.get('#color-palette').then(function (palette) {\n  cy.get('#board-size').should('be.belowOf', palette);\n});\ncy.get('#board-size').then(function (palette) {\n  cy.get('#pixel-board').should('be.belowOf', palette);\n});",
              "err": {
                "message": "CypressError: Timed out retrying: Expected to find element: '#board-size', but never found it.",
                "estack": "CypressError: Timed out retrying: Expected to find element: '#board-size', but never found it.\n    at cypressErr (http://localhost:37561/__cypress/runner/cypress_runner.js:149934:9)\n    at throwErr (http://localhost:37561/__cypress/runner/cypress_runner.js:149867:11)\n    at Object.throwErrByPath (http://localhost:37561/__cypress/runner/cypress_runner.js:149915:3)\n    at retry (http://localhost:37561/__cypress/runner/cypress_runner.js:144197:19)\n    at onFailFn (http://localhost:37561/__cypress/runner/cypress_runner.js:132448:16)\n    at tryCatcher (http://localhost:37561/__cypress/runner/cypress_runner.js:167415:23)\n    at Promise._settlePromiseFromHandler (http://localhost:37561/__cypress/runner/cypress_runner.js:165351:31)\n    at Promise._settlePromise (http://localhost:37561/__cypress/runner/cypress_runner.js:165408:18)\n    at Promise._settlePromise0 (http://localhost:37561/__cypress/runner/cypress_runner.js:165453:10)\n    at Promise._settlePromises (http://localhost:37561/__cypress/runner/cypress_runner.js:165528:18)\n    at Async../node_modules/bluebird/js/release/async.js.Async._drainQueue (http://localhost:37561/__cypress/runner/cypress_runner.js:162140:16)\n    at Async../node_modules/bluebird/js/release/async.js.Async._drainQueues (http://localhost:37561/__cypress/runner/cypress_runner.js:162150:10)\n    at Async.drainQueues (http://localhost:37561/__cypress/runner/cypress_runner.js:162024:14)",
                "diff": null
              },
              "uuid": "744b1eb4-3251-447c-b898-b1b1bb77ebcf",
              "parentUUID": "e72c1831-a27a-4d20-a036-6edefd8a28e3",
              "isHook": false,
              "skipped": false
            },
            {
              "title": "Verifica se o botão está posicionado ao lado do input",
              "fullTitle": "10 - Faça o quadro de pixels ter seu tamanho definido pelo usuário. Verifica se o botão está posicionado ao lado do input",
              "timedOut": null,
              "duration": 4674,
              "state": "failed",
              "speed": null,
              "pass": false,
              "fail": true,
              "pending": false,
              "context": null,
              "code": "cy.get('#board-size').then(function (board) {\n  cy.get('#generate-board').should('be.onTheRightOf', board);\n});",
              "err": {
                "message": "CypressError: Timed out retrying: Expected to find element: '#board-size', but never found it.",
                "estack": "CypressError: Timed out retrying: Expected to find element: '#board-size', but never found it.\n    at cypressErr (http://localhost:37561/__cypress/runner/cypress_runner.js:149934:9)\n    at throwErr (http://localhost:37561/__cypress/runner/cypress_runner.js:149867:11)\n    at Object.throwErrByPath (http://localhost:37561/__cypress/runner/cypress_runner.js:149915:3)\n    at retry (http://localhost:37561/__cypress/runner/cypress_runner.js:144197:19)\n    at onFailFn (http://localhost:37561/__cypress/runner/cypress_runner.js:132448:16)\n    at tryCatcher (http://localhost:37561/__cypress/runner/cypress_runner.js:167415:23)\n    at Promise._settlePromiseFromHandler (http://localhost:37561/__cypress/runner/cypress_runner.js:165351:31)\n    at Promise._settlePromise (http://localhost:37561/__cypress/runner/cypress_runner.js:165408:18)\n    at Promise._settlePromise0 (http://localhost:37561/__cypress/runner/cypress_runner.js:165453:10)\n    at Promise._settlePromises (http://localhost:37561/__cypress/runner/cypress_runner.js:165528:18)\n    at Async../node_modules/bluebird/js/release/async.js.Async._drainQueue (http://localhost:37561/__cypress/runner/cypress_runner.js:162140:16)\n    at Async../node_modules/bluebird/js/release/async.js.Async._drainQueues (http://localhost:37561/__cypress/runner/cypress_runner.js:162150:10)\n    at Async.drainQueues (http://localhost:37561/__cypress/runner/cypress_runner.js:162024:14)",
                "diff": null
              },
              "uuid": "57ead732-f50a-41be-b1b7-2d60d469c27f",
              "parentUUID": "e72c1831-a27a-4d20-a036-6edefd8a28e3",
              "isHook": false,
              "skipped": false
            },
            {
              "title": "Verifica se nenhum valor for colocado no input ao clicar no botão, um `alert` é exibido com o texto: 'Board inválido!'",
              "fullTitle": "10 - Faça o quadro de pixels ter seu tamanho definido pelo usuário. Verifica se nenhum valor for colocado no input ao clicar no botão, um `alert` é exibido com o texto: 'Board inválido!'",
              "timedOut": null,
              "duration": 4708,
              "state": "failed",
              "speed": null,
              "pass": false,
              "fail": true,
              "pending": false,
              "context": null,
              "code": "var alerted = false;\ncy.on('window:alert', function (msg) {\n  return alerted = msg;\n});\ncy.get('#generate-board').click().then(function () {\n  return expect(alerted).to.match(/Board inválido!/i);\n});",
              "err": {
                "message": "CypressError: Timed out retrying: Expected to find element: '#generate-board', but never found it.",
                "estack": "CypressError: Timed out retrying: Expected to find element: '#generate-board', but never found it.\n    at cypressErr (http://localhost:37561/__cypress/runner/cypress_runner.js:149934:9)\n    at throwErr (http://localhost:37561/__cypress/runner/cypress_runner.js:149867:11)\n    at Object.throwErrByPath (http://localhost:37561/__cypress/runner/cypress_runner.js:149915:3)\n    at retry (http://localhost:37561/__cypress/runner/cypress_runner.js:144197:19)\n    at onFailFn (http://localhost:37561/__cypress/runner/cypress_runner.js:132448:16)\n    at tryCatcher (http://localhost:37561/__cypress/runner/cypress_runner.js:167415:23)\n    at Promise._settlePromiseFromHandler (http://localhost:37561/__cypress/runner/cypress_runner.js:165351:31)\n    at Promise._settlePromise (http://localhost:37561/__cypress/runner/cypress_runner.js:165408:18)\n    at Promise._settlePromise0 (http://localhost:37561/__cypress/runner/cypress_runner.js:165453:10)\n    at Promise._settlePromises (http://localhost:37561/__cypress/runner/cypress_runner.js:165528:18)\n    at Async../node_modules/bluebird/js/release/async.js.Async._drainQueue (http://localhost:37561/__cypress/runner/cypress_runner.js:162140:16)\n    at Async../node_modules/bluebird/js/release/async.js.Async._drainQueues (http://localhost:37561/__cypress/runner/cypress_runner.js:162150:10)\n    at Async.drainQueues (http://localhost:37561/__cypress/runner/cypress_runner.js:162024:14)",
                "diff": null
              },
              "uuid": "6b0fd2e2-7bea-4566-a637-5c61a3e4ed86",
              "parentUUID": "e72c1831-a27a-4d20-a036-6edefd8a28e3",
              "isHook": false,
              "skipped": false
            },
            {
              "title": "Verifica se ao clicar no botão com um valor preenchido, o tamanho do board muda.",
              "fullTitle": "10 - Faça o quadro de pixels ter seu tamanho definido pelo usuário. Verifica se ao clicar no botão com um valor preenchido, o tamanho do board muda.",
              "timedOut": null,
              "duration": 4809,
              "state": "failed",
              "speed": null,
              "pass": false,
              "fail": true,
              "pending": false,
              "context": null,
              "code": "cy.get('#board-size').clear().type(10);\ncy.get('#generate-board').click();\ncy.get('.pixel').should('have.length', 100);",
              "err": {
                "message": "CypressError: Timed out retrying: Expected to find element: '#board-size', but never found it.",
                "estack": "CypressError: Timed out retrying: Expected to find element: '#board-size', but never found it.\n    at cypressErr (http://localhost:37561/__cypress/runner/cypress_runner.js:149934:9)\n    at throwErr (http://localhost:37561/__cypress/runner/cypress_runner.js:149867:11)\n    at Object.throwErrByPath (http://localhost:37561/__cypress/runner/cypress_runner.js:149915:3)\n    at retry (http://localhost:37561/__cypress/runner/cypress_runner.js:144197:19)\n    at onFailFn (http://localhost:37561/__cypress/runner/cypress_runner.js:132448:16)\n    at tryCatcher (http://localhost:37561/__cypress/runner/cypress_runner.js:167415:23)\n    at Promise._settlePromiseFromHandler (http://localhost:37561/__cypress/runner/cypress_runner.js:165351:31)\n    at Promise._settlePromise (http://localhost:37561/__cypress/runner/cypress_runner.js:165408:18)\n    at Promise._settlePromise0 (http://localhost:37561/__cypress/runner/cypress_runner.js:165453:10)\n    at Promise._settlePromises (http://localhost:37561/__cypress/runner/cypress_runner.js:165528:18)\n    at Async../node_modules/bluebird/js/release/async.js.Async._drainQueue (http://localhost:37561/__cypress/runner/cypress_runner.js:162140:16)\n    at Async../node_modules/bluebird/js/release/async.js.Async._drainQueues (http://localhost:37561/__cypress/runner/cypress_runner.js:162150:10)\n    at Async.drainQueues (http://localhost:37561/__cypress/runner/cypress_runner.js:162024:14)",
                "diff": null
              },
              "uuid": "e3490521-d687-436b-b482-b2235f92e80b",
              "parentUUID": "e72c1831-a27a-4d20-a036-6edefd8a28e3",
              "isHook": false,
              "skipped": false
            },
            {
              "title": "Verifica se o novo quadro tem todos os pixels preenchidos com a cor branca",
              "fullTitle": "10 - Faça o quadro de pixels ter seu tamanho definido pelo usuário. Verifica se o novo quadro tem todos os pixels preenchidos com a cor branca",
              "timedOut": null,
              "duration": 4659,
              "state": "failed",
              "speed": null,
              "pass": false,
              "fail": true,
              "pending": false,
              "context": null,
              "code": "cy.get('#board-size').clear().type(6);\ncy.get('#generate-board').click();\ncy.get('.pixel').should('have.length', 36).each(function (pixel) {\n  expect(pixel).to.have.css('background-color', WHITE);\n});",
              "err": {
                "message": "CypressError: Timed out retrying: Expected to find element: '#board-size', but never found it.",
                "estack": "CypressError: Timed out retrying: Expected to find element: '#board-size', but never found it.\n    at cypressErr (http://localhost:37561/__cypress/runner/cypress_runner.js:149934:9)\n    at throwErr (http://localhost:37561/__cypress/runner/cypress_runner.js:149867:11)\n    at Object.throwErrByPath (http://localhost:37561/__cypress/runner/cypress_runner.js:149915:3)\n    at retry (http://localhost:37561/__cypress/runner/cypress_runner.js:144197:19)\n    at onFailFn (http://localhost:37561/__cypress/runner/cypress_runner.js:132448:16)\n    at tryCatcher (http://localhost:37561/__cypress/runner/cypress_runner.js:167415:23)\n    at Promise._settlePromiseFromHandler (http://localhost:37561/__cypress/runner/cypress_runner.js:165351:31)\n    at Promise._settlePromise (http://localhost:37561/__cypress/runner/cypress_runner.js:165408:18)\n    at Promise._settlePromise0 (http://localhost:37561/__cypress/runner/cypress_runner.js:165453:10)\n    at Promise._settlePromises (http://localhost:37561/__cypress/runner/cypress_runner.js:165528:18)\n    at Async../node_modules/bluebird/js/release/async.js.Async._drainQueue (http://localhost:37561/__cypress/runner/cypress_runner.js:162140:16)\n    at Async../node_modules/bluebird/js/release/async.js.Async._drainQueues (http://localhost:37561/__cypress/runner/cypress_runner.js:162150:10)\n    at Async.drainQueues (http://localhost:37561/__cypress/runner/cypress_runner.js:162024:14)",
                "diff": null
              },
              "uuid": "049afcf1-12eb-4d29-bccf-8ae30141c28e",
              "parentUUID": "e72c1831-a27a-4d20-a036-6edefd8a28e3",
              "isHook": false,
              "skipped": false
            }
          ],
          "suites": [],
          "passes": [],
          "failures": [
            "f8085ff8-1bde-49e2-b5ae-ff7a82eebaeb",
            "69190d1a-d55f-4203-8c3b-ba3b87d0e364",
            "eb291ba5-550b-44fe-99b6-04ad0acabca5",
            "10887810-d3af-472d-aeca-b068c4164fd0",
            "744b1eb4-3251-447c-b898-b1b1bb77ebcf",
            "57ead732-f50a-41be-b1b7-2d60d469c27f",
            "6b0fd2e2-7bea-4566-a637-5c61a3e4ed86",
            "e3490521-d687-436b-b482-b2235f92e80b",
            "049afcf1-12eb-4d29-bccf-8ae30141c28e"
          ],
          "pending": [],
          "skipped": [],
          "duration": 42250,
          "root": false,
          "rootEmpty": false,
          "_timeout": 2000
        },
        {
          "uuid": "76c78fc1-8a03-4999-ac3a-30a45ec07f74",
          "title": "11 - Limite o tamanho mínimo e máximo do board.",
          "fullFile": "",
          "file": "",
          "beforeHooks": [],
          "afterHooks": [],
          "tests": [
            {
              "title": "Verifica se a altura máxima do board é 50",
              "fullTitle": "11 - Limite o tamanho mínimo e máximo do board. Verifica se a altura máxima do board é 50",
              "timedOut": null,
              "duration": 4539,
              "state": "failed",
              "speed": null,
              "pass": false,
              "fail": true,
              "pending": false,
              "context": null,
              "code": "cy.get('#board-size').clear().type(50);\ncy.get('#generate-board').click();\ncy.get('.pixel').should('have.length', 2500);",
              "err": {
                "message": "CypressError: Timed out retrying: Expected to find element: '#board-size', but never found it.",
                "estack": "CypressError: Timed out retrying: Expected to find element: '#board-size', but never found it.\n    at cypressErr (http://localhost:37561/__cypress/runner/cypress_runner.js:149934:9)\n    at throwErr (http://localhost:37561/__cypress/runner/cypress_runner.js:149867:11)\n    at Object.throwErrByPath (http://localhost:37561/__cypress/runner/cypress_runner.js:149915:3)\n    at retry (http://localhost:37561/__cypress/runner/cypress_runner.js:144197:19)\n    at onFailFn (http://localhost:37561/__cypress/runner/cypress_runner.js:132448:16)\n    at tryCatcher (http://localhost:37561/__cypress/runner/cypress_runner.js:167415:23)\n    at Promise._settlePromiseFromHandler (http://localhost:37561/__cypress/runner/cypress_runner.js:165351:31)\n    at Promise._settlePromise (http://localhost:37561/__cypress/runner/cypress_runner.js:165408:18)\n    at Promise._settlePromise0 (http://localhost:37561/__cypress/runner/cypress_runner.js:165453:10)\n    at Promise._settlePromises (http://localhost:37561/__cypress/runner/cypress_runner.js:165528:18)\n    at Async../node_modules/bluebird/js/release/async.js.Async._drainQueue (http://localhost:37561/__cypress/runner/cypress_runner.js:162140:16)\n    at Async../node_modules/bluebird/js/release/async.js.Async._drainQueues (http://localhost:37561/__cypress/runner/cypress_runner.js:162150:10)\n    at Async.drainQueues (http://localhost:37561/__cypress/runner/cypress_runner.js:162024:14)",
                "diff": null
              },
              "uuid": "001351a9-3622-4336-b7b9-0292d2d39932",
              "parentUUID": "76c78fc1-8a03-4999-ac3a-30a45ec07f74",
              "isHook": false,
              "skipped": false
            },
            {
              "title": "Verifica se a altura do board é 5 quando um valor menor é colocado no input",
              "fullTitle": "11 - Limite o tamanho mínimo e máximo do board. Verifica se a altura do board é 5 quando um valor menor é colocado no input",
              "timedOut": null,
              "duration": 4479,
              "state": "failed",
              "speed": null,
              "pass": false,
              "fail": true,
              "pending": false,
              "context": null,
              "code": "cy.get('#board-size').clear().type(4);\ncy.get('#generate-board').click();\ncy.get('.pixel').should('have.length', 25);",
              "err": {
                "message": "CypressError: Timed out retrying: Expected to find element: '#board-size', but never found it.",
                "estack": "CypressError: Timed out retrying: Expected to find element: '#board-size', but never found it.\n    at cypressErr (http://localhost:37561/__cypress/runner/cypress_runner.js:149934:9)\n    at throwErr (http://localhost:37561/__cypress/runner/cypress_runner.js:149867:11)\n    at Object.throwErrByPath (http://localhost:37561/__cypress/runner/cypress_runner.js:149915:3)\n    at retry (http://localhost:37561/__cypress/runner/cypress_runner.js:144197:19)\n    at onFailFn (http://localhost:37561/__cypress/runner/cypress_runner.js:132448:16)\n    at tryCatcher (http://localhost:37561/__cypress/runner/cypress_runner.js:167415:23)\n    at Promise._settlePromiseFromHandler (http://localhost:37561/__cypress/runner/cypress_runner.js:165351:31)\n    at Promise._settlePromise (http://localhost:37561/__cypress/runner/cypress_runner.js:165408:18)\n    at Promise._settlePromise0 (http://localhost:37561/__cypress/runner/cypress_runner.js:165453:10)\n    at Promise._settlePromises (http://localhost:37561/__cypress/runner/cypress_runner.js:165528:18)\n    at Async../node_modules/bluebird/js/release/async.js.Async._drainQueue (http://localhost:37561/__cypress/runner/cypress_runner.js:162140:16)\n    at Async../node_modules/bluebird/js/release/async.js.Async._drainQueues (http://localhost:37561/__cypress/runner/cypress_runner.js:162150:10)\n    at Async.drainQueues (http://localhost:37561/__cypress/runner/cypress_runner.js:162024:14)",
                "diff": null
              },
              "uuid": "cd30f71f-7996-477e-8ccd-66276ef59ecd",
              "parentUUID": "76c78fc1-8a03-4999-ac3a-30a45ec07f74",
              "isHook": false,
              "skipped": false
            },
            {
              "title": "Verifica se a altura do board é 50 quando um valor maior é colocado no input",
              "fullTitle": "11 - Limite o tamanho mínimo e máximo do board. Verifica se a altura do board é 50 quando um valor maior é colocado no input",
              "timedOut": null,
              "duration": 4577,
              "state": "failed",
              "speed": null,
              "pass": false,
              "fail": true,
              "pending": false,
              "context": null,
              "code": "cy.get('#board-size').clear().type(51);\ncy.get('#generate-board').click();\ncy.get('.pixel').should('have.length', 2500);",
              "err": {
                "message": "CypressError: Timed out retrying: Expected to find element: '#board-size', but never found it.",
                "estack": "CypressError: Timed out retrying: Expected to find element: '#board-size', but never found it.\n    at cypressErr (http://localhost:37561/__cypress/runner/cypress_runner.js:149934:9)\n    at throwErr (http://localhost:37561/__cypress/runner/cypress_runner.js:149867:11)\n    at Object.throwErrByPath (http://localhost:37561/__cypress/runner/cypress_runner.js:149915:3)\n    at retry (http://localhost:37561/__cypress/runner/cypress_runner.js:144197:19)\n    at onFailFn (http://localhost:37561/__cypress/runner/cypress_runner.js:132448:16)\n    at tryCatcher (http://localhost:37561/__cypress/runner/cypress_runner.js:167415:23)\n    at Promise._settlePromiseFromHandler (http://localhost:37561/__cypress/runner/cypress_runner.js:165351:31)\n    at Promise._settlePromise (http://localhost:37561/__cypress/runner/cypress_runner.js:165408:18)\n    at Promise._settlePromise0 (http://localhost:37561/__cypress/runner/cypress_runner.js:165453:10)\n    at Promise._settlePromises (http://localhost:37561/__cypress/runner/cypress_runner.js:165528:18)\n    at Async../node_modules/bluebird/js/release/async.js.Async._drainQueue (http://localhost:37561/__cypress/runner/cypress_runner.js:162140:16)\n    at Async../node_modules/bluebird/js/release/async.js.Async._drainQueues (http://localhost:37561/__cypress/runner/cypress_runner.js:162150:10)\n    at Async.drainQueues (http://localhost:37561/__cypress/runner/cypress_runner.js:162024:14)",
                "diff": null
              },
              "uuid": "5a458cfd-fe5d-4209-9134-1cdb7e35f20a",
              "parentUUID": "76c78fc1-8a03-4999-ac3a-30a45ec07f74",
              "isHook": false,
              "skipped": false
            }
          ],
          "suites": [],
          "passes": [],
          "failures": [
            "001351a9-3622-4336-b7b9-0292d2d39932",
            "cd30f71f-7996-477e-8ccd-66276ef59ecd",
            "5a458cfd-fe5d-4209-9134-1cdb7e35f20a"
          ],
          "pending": [],
          "skipped": [],
          "duration": 13595,
          "root": false,
          "rootEmpty": false,
          "_timeout": 2000
        },
        {
          "uuid": "d65b308c-04ed-48ad-9697-66d68484b4c1",
          "title": "12 - Faça com que as cores da paleta sejam geradas aleatoriamente ao carregar a página.",
          "fullFile": "",
          "file": "",
          "beforeHooks": [],
          "afterHooks": [],
          "tests": [
            {
              "title": "Verifica se as cores geradas na paleta são diferentes a cada carregamento da página",
              "fullTitle": "12 - Faça com que as cores da paleta sejam geradas aleatoriamente ao carregar a página. Verifica se as cores geradas na paleta são diferentes a cada carregamento da página",
              "timedOut": null,
              "duration": 594,
              "state": "failed",
              "speed": null,
              "pass": false,
              "fail": true,
              "pending": false,
              "context": null,
              "code": "cy.get('.color').then(function (colors) {\n  var currentColors;\n  var previousColors;\n  previousColors = Array.from(colors).map(function (color) {\n    return Cypress.$(color).css('background-color');\n  });\n  for (var i = 0; i < 5; i += 1) {\n    cy.reload();\n    cy.get('.color').then(function (colors) {\n      currentColors = Array.from(colors).map(function (color) {\n        return Cypress.$(color).css('background-color');\n      });\n      expect(currentColors).not.to.deep.equal(previousColors);\n      previousColors = currentColors;\n    });\n  }\n});",
              "err": {
                "message": "AssertionError: expected [ Array(4) ] to not deeply equal [ Array(4) ]",
                "estack": "AssertionError: expected [ Array(4) ] to not deeply equal [ Array(4) ]\n    at getRet (http://localhost:37561/__cypress/runner/cypress_runner.js:136585:16)\n    at tryCatcher (http://localhost:37561/__cypress/runner/cypress_runner.js:167415:23)\n    at Function.Promise.attempt.Promise.try (http://localhost:37561/__cypress/runner/cypress_runner.js:164690:29)\n    at Context.thenFn (http://localhost:37561/__cypress/runner/cypress_runner.js:136599:23)\n    at Context.then (http://localhost:37561/__cypress/runner/cypress_runner.js:136971:21)\n    at Context.<anonymous> (http://localhost:37561/__cypress/runner/cypress_runner.js:148875:21)\n    at http://localhost:37561/__cypress/runner/cypress_runner.js:148351:33\n    at tryCatcher (http://localhost:37561/__cypress/runner/cypress_runner.js:167415:23)\n    at Promise._settlePromiseFromHandler (http://localhost:37561/__cypress/runner/cypress_runner.js:165351:31)\n    at Promise._settlePromise (http://localhost:37561/__cypress/runner/cypress_runner.js:165408:18)\n    at Promise._settlePromiseCtx (http://localhost:37561/__cypress/runner/cypress_runner.js:165445:10)\n    at Async../node_modules/bluebird/js/release/async.js.Async._drainQueue (http://localhost:37561/__cypress/runner/cypress_runner.js:162145:12)\n    at Async../node_modules/bluebird/js/release/async.js.Async._drainQueues (http://localhost:37561/__cypress/runner/cypress_runner.js:162150:10)\n    at Async.drainQueues (http://localhost:37561/__cypress/runner/cypress_runner.js:162024:14)",
                "diff": ""
              },
              "uuid": "f1cfdf39-559f-46af-9a07-0e7d734d5587",
              "parentUUID": "d65b308c-04ed-48ad-9697-66d68484b4c1",
              "isHook": false,
              "skipped": false
            },
            {
              "title": "Verifica se a cor preta ainda está presente e é a primeira na sua paleta de cores",
              "fullTitle": "12 - Faça com que as cores da paleta sejam geradas aleatoriamente ao carregar a página. Verifica se a cor preta ainda está presente e é a primeira na sua paleta de cores",
              "timedOut": null,
              "duration": 588,
              "state": "failed",
              "speed": null,
              "pass": false,
              "fail": true,
              "pending": false,
              "context": null,
              "code": "cy.get('.color').then(function (colors) {\n  var currentColors;\n  var previousColors;\n  previousColors = Array.from(colors).map(function (color) {\n    return Cypress.$(color).css('background-color');\n  });\n  expect(previousColors[0]).to.eq(BLACK);\n  for (var i = 0; i < 5; i += 1) {\n    cy.reload();\n    cy.get('.color').then(function (colors) {\n      currentColors = Array.from(colors).map(function (color) {\n        return Cypress.$(color).css('background-color');\n      });\n      expect(currentColors[0]).to.eq(BLACK);\n      expect(currentColors).not.to.deep.equal(previousColors);\n      previousColors = currentColors;\n    });\n  }\n});",
              "err": {
                "message": "AssertionError: expected [ Array(4) ] to not deeply equal [ Array(4) ]",
                "estack": "AssertionError: expected [ Array(4) ] to not deeply equal [ Array(4) ]\n    at getRet (http://localhost:37561/__cypress/runner/cypress_runner.js:136585:16)\n    at tryCatcher (http://localhost:37561/__cypress/runner/cypress_runner.js:167415:23)\n    at Function.Promise.attempt.Promise.try (http://localhost:37561/__cypress/runner/cypress_runner.js:164690:29)\n    at Context.thenFn (http://localhost:37561/__cypress/runner/cypress_runner.js:136599:23)\n    at Context.then (http://localhost:37561/__cypress/runner/cypress_runner.js:136971:21)\n    at Context.<anonymous> (http://localhost:37561/__cypress/runner/cypress_runner.js:148875:21)\n    at http://localhost:37561/__cypress/runner/cypress_runner.js:148351:33\n    at tryCatcher (http://localhost:37561/__cypress/runner/cypress_runner.js:167415:23)\n    at Promise._settlePromiseFromHandler (http://localhost:37561/__cypress/runner/cypress_runner.js:165351:31)\n    at Promise._settlePromise (http://localhost:37561/__cypress/runner/cypress_runner.js:165408:18)\n    at Promise._settlePromiseCtx (http://localhost:37561/__cypress/runner/cypress_runner.js:165445:10)\n    at Async../node_modules/bluebird/js/release/async.js.Async._drainQueue (http://localhost:37561/__cypress/runner/cypress_runner.js:162145:12)\n    at Async../node_modules/bluebird/js/release/async.js.Async._drainQueues (http://localhost:37561/__cypress/runner/cypress_runner.js:162150:10)\n    at Async.drainQueues (http://localhost:37561/__cypress/runner/cypress_runner.js:162024:14)",
                "diff": ""
              },
              "uuid": "a52e9638-a76e-4f59-adb8-9ee3b4b2c974",
              "parentUUID": "d65b308c-04ed-48ad-9697-66d68484b4c1",
              "isHook": false,
              "skipped": false
            }
          ],
          "suites": [],
          "passes": [],
          "failures": [
            "f1cfdf39-559f-46af-9a07-0e7d734d5587",
            "a52e9638-a76e-4f59-adb8-9ee3b4b2c974"
          ],
          "pending": [],
          "skipped": [],
          "duration": 1182,
          "root": false,
          "rootEmpty": false,
          "_timeout": 2000
        }
      ],
      "passes": [],
      "failures": [],
      "pending": [],
      "skipped": [],
      "duration": 0,
      "root": true,
      "rootEmpty": true,
      "_timeout": 2000
    }
  ],
  "meta": {
    "mocha": {
      "version": "7.0.1"
    },
    "mochawesome": {
      "options": {
        "quiet": false,
        "reportFilename": "mochawesome",
        "saveHtml": false,
        "saveJson": true,
        "consoleReporter": "spec",
        "useInlineDiffs": false
      },
      "version": "4.1.0"
    },
    "marge": {
      "options": {
        "id": "default",
        "reportDir": "cypress/reports",
        "overwrite": true,
        "html": false,
        "json": true
      },
      "version": "4.1.0"
    }
  }
}